{"name":"Search for a automation course","id":"academychoucair;search-for-a-automation-course","testSteps":[{"number":1,"description":"Given than fernando wants to learn automation at the academy choucair\r\n| strUser | strPassword |\r\n| TuUsuario | TuClave |","duration":20761,"startTime":"2021-10-01T16:40:49.478-05:00[America/Bogota]","exception":{"errorType":"net.thucydides.core.webdriver.exceptions.ElementShouldBeEnabledException","message":"Expected enabled element was not enabled","stackTrace":[{"declaringClass":"co.com.choucair.certificaion.proyectobase.tasks.Login","methodName":"performAs","fileName":"Login.java","lineNumber":28},{"declaringClass":"co.com.choucair.certification.proyectobase.stepdefinitions.ChoucairAcademyStepDefinition","methodName":"thanFernandoWantsToLearnAutomationAtTheAcademyChoucair","fileName":"ChoucairAcademyStepDefinition.java","lineNumber":28},{"declaringClass":"cucumber.runner.Runner","methodName":"runPickle","fileName":"Runner.java","lineNumber":80}],"rootCause":{"errorType":"org.openqa.selenium.TimeoutException","message":"Expected condition failed: waiting for By.xpath: //div[@class\u003dÂ´d-none d-lg-blockÂ´]//strong[contains(text(),Â´ingresarÂ´)] to be enabled (tried for 5 second(s) with 100 milliseconds interval)","stackTrace":[{"declaringClass":"co.com.choucair.certificaion.proyectobase.tasks.Login","methodName":"performAs","fileName":"Login.java","lineNumber":28},{"declaringClass":"co.com.choucair.certification.proyectobase.stepdefinitions.ChoucairAcademyStepDefinition","methodName":"thanFernandoWantsToLearnAutomationAtTheAcademyChoucair","fileName":"ChoucairAcademyStepDefinition.java","lineNumber":28},{"declaringClass":"cucumber.runner.Runner","methodName":"runPickle","fileName":"Runner.java","lineNumber":80}],"rootCause":{"errorType":"org.openqa.selenium.InvalidSelectorException","message":"invalid selector: Unable to locate an element with the xpath expression //div[@class\u003dÂ´d-none d-lg-blockÂ´]//strong[contains(text(),Â´ingresarÂ´)] because of the following error:\nSyntaxError: Failed to execute \u0027evaluate\u0027 on \u0027Document\u0027: The string \u0027//div[@class\u003dÂ´d-none d-lg-blockÂ´]//strong[contains(text(),Â´ingresarÂ´)]\u0027 is not a valid XPath expression.\n  (Session info: chrome\u003d94.0.4606.71)\nFor documentation on this error, please visit: https://www.seleniumhq.org/exceptions/invalid_selector_exception.html\nBuild info: version: \u00273.141.59\u0027, revision: \u0027e82be7d358\u0027, time: \u00272018-11-14T08:17:03\u0027\nSystem info: host: \u0027DESKTOP-USD3JRI\u0027, ip: \u0027192.168.56.1\u0027, os.name: \u0027Windows 10\u0027, os.arch: \u0027amd64\u0027, os.version: \u002710.0\u0027, java.version: \u00271.8.0_271\u0027\nDriver info: org.openqa.selenium.chrome.ChromeDriver\nCapabilities {acceptInsecureCerts: false, browserName: chrome, browserVersion: 94.0.4606.71, chrome: {chromedriverVersion: 94.0.4606.41 (333e85df3c9b6..., userDataDir: C:\\Users\\ferga\\AppData\\Loca...}, goog:chromeOptions: {debuggerAddress: localhost:61997}, javascriptEnabled: true, networkConnectionEnabled: false, pageLoadStrategy: normal, platform: WINDOWS, platformName: WINDOWS, proxy: Proxy(), setWindowRect: true, strictFileInteractability: false, timeouts: {implicit: 0, pageLoad: 300000, script: 30000}, unhandledPromptBehavior: dismiss and notify, webauthn:extension:credBlob: true, webauthn:extension:largeBlob: true, webauthn:virtualAuthenticators: true}\nSession ID: 3080cc93fa795018774e95e3f6e0fc09\n*** Element info: {Using\u003dxpath, value\u003d//div[@class\u003dÂ´d-none d-lg-blockÂ´]//strong[contains(text(),Â´ingresarÂ´)]}","stackTrace":[{"declaringClass":"co.com.choucair.certificaion.proyectobase.tasks.Login","methodName":"performAs","fileName":"Login.java","lineNumber":28},{"declaringClass":"co.com.choucair.certification.proyectobase.stepdefinitions.ChoucairAcademyStepDefinition","methodName":"thanFernandoWantsToLearnAutomationAtTheAcademyChoucair","fileName":"ChoucairAcademyStepDefinition.java","lineNumber":28},{"declaringClass":"cucumber.runner.Runner","methodName":"runPickle","fileName":"Runner.java","lineNumber":80}]}}},"result":"FAILURE","precondition":false,"level":0,"lineNumber":0,"children":[{"number":2,"description":"Ferna open up","duration":14030,"startTime":"2021-10-01T16:40:50.318-05:00[America/Bogota]","screenshots":[{"screenshot":"8c70ad29e719dc8d42653ff2863a1688acad313f3f7dd0ea99a24d1c795c5c41.png","timeStamp":1633124464348}],"result":"SUCCESS","precondition":false,"level":1,"lineNumber":0,"children":[{"number":3,"description":"ferna opens the Choucair academypage","duration":13429,"startTime":"2021-10-01T16:40:50.349-05:00[America/Bogota]","screenshots":[{"screenshot":"8c70ad29e719dc8d42653ff2863a1688acad313f3f7dd0ea99a24d1c795c5c41.png","timeStamp":1633124463778}],"result":"SUCCESS","precondition":false,"level":2,"lineNumber":0}]},{"number":4,"description":"Ferna login","duration":5861,"startTime":"2021-10-01T16:41:04.363-05:00[America/Bogota]","exception":{"errorType":"net.thucydides.core.webdriver.exceptions.ElementShouldBeEnabledException","message":"Expected enabled element was not enabled","stackTrace":[{"declaringClass":"co.com.choucair.certificaion.proyectobase.tasks.Login","methodName":"performAs","fileName":"Login.java","lineNumber":28},{"declaringClass":"co.com.choucair.certification.proyectobase.stepdefinitions.ChoucairAcademyStepDefinition","methodName":"thanFernandoWantsToLearnAutomationAtTheAcademyChoucair","fileName":"ChoucairAcademyStepDefinition.java","lineNumber":28},{"declaringClass":"cucumber.runner.Runner","methodName":"runPickle","fileName":"Runner.java","lineNumber":80}],"rootCause":{"errorType":"org.openqa.selenium.TimeoutException","message":"Expected condition failed: waiting for By.xpath: //div[@class\u003dÂ´d-none d-lg-blockÂ´]//strong[contains(text(),Â´ingresarÂ´)] to be enabled (tried for 5 second(s) with 100 milliseconds interval)","stackTrace":[{"declaringClass":"co.com.choucair.certificaion.proyectobase.tasks.Login","methodName":"performAs","fileName":"Login.java","lineNumber":28},{"declaringClass":"co.com.choucair.certification.proyectobase.stepdefinitions.ChoucairAcademyStepDefinition","methodName":"thanFernandoWantsToLearnAutomationAtTheAcademyChoucair","fileName":"ChoucairAcademyStepDefinition.java","lineNumber":28},{"declaringClass":"cucumber.runner.Runner","methodName":"runPickle","fileName":"Runner.java","lineNumber":80}],"rootCause":{"errorType":"org.openqa.selenium.InvalidSelectorException","message":"invalid selector: Unable to locate an element with the xpath expression //div[@class\u003dÂ´d-none d-lg-blockÂ´]//strong[contains(text(),Â´ingresarÂ´)] because of the following error:\nSyntaxError: Failed to execute \u0027evaluate\u0027 on \u0027Document\u0027: The string \u0027//div[@class\u003dÂ´d-none d-lg-blockÂ´]//strong[contains(text(),Â´ingresarÂ´)]\u0027 is not a valid XPath expression.\n  (Session info: chrome\u003d94.0.4606.71)\nFor documentation on this error, please visit: https://www.seleniumhq.org/exceptions/invalid_selector_exception.html\nBuild info: version: \u00273.141.59\u0027, revision: \u0027e82be7d358\u0027, time: \u00272018-11-14T08:17:03\u0027\nSystem info: host: \u0027DESKTOP-USD3JRI\u0027, ip: \u0027192.168.56.1\u0027, os.name: \u0027Windows 10\u0027, os.arch: \u0027amd64\u0027, os.version: \u002710.0\u0027, java.version: \u00271.8.0_271\u0027\nDriver info: org.openqa.selenium.chrome.ChromeDriver\nCapabilities {acceptInsecureCerts: false, browserName: chrome, browserVersion: 94.0.4606.71, chrome: {chromedriverVersion: 94.0.4606.41 (333e85df3c9b6..., userDataDir: C:\\Users\\ferga\\AppData\\Loca...}, goog:chromeOptions: {debuggerAddress: localhost:61997}, javascriptEnabled: true, networkConnectionEnabled: false, pageLoadStrategy: normal, platform: WINDOWS, platformName: WINDOWS, proxy: Proxy(), setWindowRect: true, strictFileInteractability: false, timeouts: {implicit: 0, pageLoad: 300000, script: 30000}, unhandledPromptBehavior: dismiss and notify, webauthn:extension:credBlob: true, webauthn:extension:largeBlob: true, webauthn:virtualAuthenticators: true}\nSession ID: 3080cc93fa795018774e95e3f6e0fc09\n*** Element info: {Using\u003dxpath, value\u003d//div[@class\u003dÂ´d-none d-lg-blockÂ´]//strong[contains(text(),Â´ingresarÂ´)]}","stackTrace":[{"declaringClass":"co.com.choucair.certificaion.proyectobase.tasks.Login","methodName":"performAs","fileName":"Login.java","lineNumber":28},{"declaringClass":"co.com.choucair.certification.proyectobase.stepdefinitions.ChoucairAcademyStepDefinition","methodName":"thanFernandoWantsToLearnAutomationAtTheAcademyChoucair","fileName":"ChoucairAcademyStepDefinition.java","lineNumber":28},{"declaringClass":"cucumber.runner.Runner","methodName":"runPickle","fileName":"Runner.java","lineNumber":80}]}}},"result":"FAILURE","precondition":false,"level":1,"lineNumber":0,"children":[{"number":5,"description":"ferna clicks on Este Boton Nos Permite Ingresar al Sistema","duration":5807,"startTime":"2021-10-01T16:41:04.401-05:00[America/Bogota]","screenshots":[{"screenshot":"8c70ad29e719dc8d42653ff2863a1688acad313f3f7dd0ea99a24d1c795c5c41.png","htmlSource":"pagesource4011668694899723857.html.txt","timeStamp":1633124470201}],"exception":{"errorType":"net.thucydides.core.webdriver.exceptions.ElementShouldBeEnabledException","message":"Expected enabled element was not enabled","stackTrace":[{"declaringClass":"co.com.choucair.certificaion.proyectobase.tasks.Login","methodName":"performAs","fileName":"Login.java","lineNumber":28},{"declaringClass":"co.com.choucair.certification.proyectobase.stepdefinitions.ChoucairAcademyStepDefinition","methodName":"thanFernandoWantsToLearnAutomationAtTheAcademyChoucair","fileName":"ChoucairAcademyStepDefinition.java","lineNumber":28},{"declaringClass":"cucumber.runner.Runner","methodName":"runPickle","fileName":"Runner.java","lineNumber":80}],"rootCause":{"errorType":"org.openqa.selenium.TimeoutException","message":"Expected condition failed: waiting for By.xpath: //div[@class\u003dÂ´d-none d-lg-blockÂ´]//strong[contains(text(),Â´ingresarÂ´)] to be enabled (tried for 5 second(s) with 100 milliseconds interval)","stackTrace":[{"declaringClass":"co.com.choucair.certificaion.proyectobase.tasks.Login","methodName":"performAs","fileName":"Login.java","lineNumber":28},{"declaringClass":"co.com.choucair.certification.proyectobase.stepdefinitions.ChoucairAcademyStepDefinition","methodName":"thanFernandoWantsToLearnAutomationAtTheAcademyChoucair","fileName":"ChoucairAcademyStepDefinition.java","lineNumber":28},{"declaringClass":"cucumber.runner.Runner","methodName":"runPickle","fileName":"Runner.java","lineNumber":80}],"rootCause":{"errorType":"org.openqa.selenium.InvalidSelectorException","message":"invalid selector: Unable to locate an element with the xpath expression //div[@class\u003dÂ´d-none d-lg-blockÂ´]//strong[contains(text(),Â´ingresarÂ´)] because of the following error:\nSyntaxError: Failed to execute \u0027evaluate\u0027 on \u0027Document\u0027: The string \u0027//div[@class\u003dÂ´d-none d-lg-blockÂ´]//strong[contains(text(),Â´ingresarÂ´)]\u0027 is not a valid XPath expression.\n  (Session info: chrome\u003d94.0.4606.71)\nFor documentation on this error, please visit: https://www.seleniumhq.org/exceptions/invalid_selector_exception.html\nBuild info: version: \u00273.141.59\u0027, revision: \u0027e82be7d358\u0027, time: \u00272018-11-14T08:17:03\u0027\nSystem info: host: \u0027DESKTOP-USD3JRI\u0027, ip: \u0027192.168.56.1\u0027, os.name: \u0027Windows 10\u0027, os.arch: \u0027amd64\u0027, os.version: \u002710.0\u0027, java.version: \u00271.8.0_271\u0027\nDriver info: org.openqa.selenium.chrome.ChromeDriver\nCapabilities {acceptInsecureCerts: false, browserName: chrome, browserVersion: 94.0.4606.71, chrome: {chromedriverVersion: 94.0.4606.41 (333e85df3c9b6..., userDataDir: C:\\Users\\ferga\\AppData\\Loca...}, goog:chromeOptions: {debuggerAddress: localhost:61997}, javascriptEnabled: true, networkConnectionEnabled: false, pageLoadStrategy: normal, platform: WINDOWS, platformName: WINDOWS, proxy: Proxy(), setWindowRect: true, strictFileInteractability: false, timeouts: {implicit: 0, pageLoad: 300000, script: 30000}, unhandledPromptBehavior: dismiss and notify, webauthn:extension:credBlob: true, webauthn:extension:largeBlob: true, webauthn:virtualAuthenticators: true}\nSession ID: 3080cc93fa795018774e95e3f6e0fc09\n*** Element info: {Using\u003dxpath, value\u003d//div[@class\u003dÂ´d-none d-lg-blockÂ´]//strong[contains(text(),Â´ingresarÂ´)]}","stackTrace":[{"declaringClass":"co.com.choucair.certificaion.proyectobase.tasks.Login","methodName":"performAs","fileName":"Login.java","lineNumber":28},{"declaringClass":"co.com.choucair.certification.proyectobase.stepdefinitions.ChoucairAcademyStepDefinition","methodName":"thanFernandoWantsToLearnAutomationAtTheAcademyChoucair","fileName":"ChoucairAcademyStepDefinition.java","lineNumber":28},{"declaringClass":"cucumber.runner.Runner","methodName":"runPickle","fileName":"Runner.java","lineNumber":80}]}}},"result":"FAILURE","precondition":false,"level":2,"lineNumber":0}]}]},{"number":6,"description":"When he search for the course Recursos Automatizacion Bancolombia on the choucair academy platform\r\n| strCourse |\r\n| Metodologia_Bancolombia |","duration":0,"startTime":"2021-10-01T16:41:10.270-05:00[America/Bogota]","result":"SKIPPED","precondition":false,"level":0,"lineNumber":0},{"number":7,"description":"Then he finds the course called resources Recursos Automatizacion Bancolombia\r\n| strCourse |\r\n| Metodologia_Bancolombia |","duration":0,"startTime":"2021-10-01T16:41:10.270-05:00[America/Bogota]","result":"SKIPPED","precondition":false,"level":0,"lineNumber":0}],"userStory":{"id":"academychoucair","storyName":"AcademyChoucair","path":"src/test/resources/features/academychoucair.feature","narrative":"  As a user, I want to learn how to automate in screamply at the choucair Academy with the automation course","type":"feature"},"featureTag":{"name":"Features/AcademyChoucair","type":"feature","displayName":"Features/AcademyChoucair"},"title":"Search for a automation course","tags":[{"name":"scenario1","type":"tag","displayName":"scenario1"},{"name":"stories","type":"tag","displayName":"stories"},{"name":"AcademyChoucair","type":"feature","displayName":"AcademyChoucair"}],"startTime":"2021-10-01T16:40:49.272-05:00[America/Bogota]","duration":21014,"testFailureCause":{"errorType":"net.thucydides.core.webdriver.exceptions.ElementShouldBeEnabledException","message":"Expected enabled element was not enabled","stackTrace":[{"declaringClass":"co.com.choucair.certificaion.proyectobase.tasks.Login","methodName":"performAs","fileName":"Login.java","lineNumber":28},{"declaringClass":"co.com.choucair.certification.proyectobase.stepdefinitions.ChoucairAcademyStepDefinition","methodName":"thanFernandoWantsToLearnAutomationAtTheAcademyChoucair","fileName":"ChoucairAcademyStepDefinition.java","lineNumber":28},{"declaringClass":"cucumber.runner.Runner","methodName":"runPickle","fileName":"Runner.java","lineNumber":80}],"rootCause":{"errorType":"org.openqa.selenium.TimeoutException","message":"Expected condition failed: waiting for By.xpath: //div[@class\u003dÂ´d-none d-lg-blockÂ´]//strong[contains(text(),Â´ingresarÂ´)] to be enabled (tried for 5 second(s) with 100 milliseconds interval)","stackTrace":[{"declaringClass":"co.com.choucair.certificaion.proyectobase.tasks.Login","methodName":"performAs","fileName":"Login.java","lineNumber":28},{"declaringClass":"co.com.choucair.certification.proyectobase.stepdefinitions.ChoucairAcademyStepDefinition","methodName":"thanFernandoWantsToLearnAutomationAtTheAcademyChoucair","fileName":"ChoucairAcademyStepDefinition.java","lineNumber":28},{"declaringClass":"cucumber.runner.Runner","methodName":"runPickle","fileName":"Runner.java","lineNumber":80}],"rootCause":{"errorType":"org.openqa.selenium.InvalidSelectorException","message":"invalid selector: Unable to locate an element with the xpath expression //div[@class\u003dÂ´d-none d-lg-blockÂ´]//strong[contains(text(),Â´ingresarÂ´)] because of the following error:\nSyntaxError: Failed to execute \u0027evaluate\u0027 on \u0027Document\u0027: The string \u0027//div[@class\u003dÂ´d-none d-lg-blockÂ´]//strong[contains(text(),Â´ingresarÂ´)]\u0027 is not a valid XPath expression.\n  (Session info: chrome\u003d94.0.4606.71)\nFor documentation on this error, please visit: https://www.seleniumhq.org/exceptions/invalid_selector_exception.html\nBuild info: version: \u00273.141.59\u0027, revision: \u0027e82be7d358\u0027, time: \u00272018-11-14T08:17:03\u0027\nSystem info: host: \u0027DESKTOP-USD3JRI\u0027, ip: \u0027192.168.56.1\u0027, os.name: \u0027Windows 10\u0027, os.arch: \u0027amd64\u0027, os.version: \u002710.0\u0027, java.version: \u00271.8.0_271\u0027\nDriver info: org.openqa.selenium.chrome.ChromeDriver\nCapabilities {acceptInsecureCerts: false, browserName: chrome, browserVersion: 94.0.4606.71, chrome: {chromedriverVersion: 94.0.4606.41 (333e85df3c9b6..., userDataDir: C:\\Users\\ferga\\AppData\\Loca...}, goog:chromeOptions: {debuggerAddress: localhost:61997}, javascriptEnabled: true, networkConnectionEnabled: false, pageLoadStrategy: normal, platform: WINDOWS, platformName: WINDOWS, proxy: Proxy(), setWindowRect: true, strictFileInteractability: false, timeouts: {implicit: 0, pageLoad: 300000, script: 30000}, unhandledPromptBehavior: dismiss and notify, webauthn:extension:credBlob: true, webauthn:extension:largeBlob: true, webauthn:virtualAuthenticators: true}\nSession ID: 3080cc93fa795018774e95e3f6e0fc09\n*** Element info: {Using\u003dxpath, value\u003d//div[@class\u003dÂ´d-none d-lg-blockÂ´]//strong[contains(text(),Â´ingresarÂ´)]}","stackTrace":[{"declaringClass":"co.com.choucair.certificaion.proyectobase.tasks.Login","methodName":"performAs","fileName":"Login.java","lineNumber":28},{"declaringClass":"co.com.choucair.certification.proyectobase.stepdefinitions.ChoucairAcademyStepDefinition","methodName":"thanFernandoWantsToLearnAutomationAtTheAcademyChoucair","fileName":"ChoucairAcademyStepDefinition.java","lineNumber":28},{"declaringClass":"cucumber.runner.Runner","methodName":"runPickle","fileName":"Runner.java","lineNumber":80}]}}},"testFailureClassname":"net.thucydides.core.webdriver.exceptions.ElementShouldBeEnabledException","testFailureMessage":"Expected enabled element was not enabled","testFailureSummary":"FAILURE;net.thucydides.core.webdriver.exceptions.ElementShouldBeEnabledException;Expected enabled element was not enabled;Login.java","projectKey":"","annotatedResult":"FAILURE","sessionId":"3080cc93fa795018774e95e3f6e0fc09","driver":"chrome:ferna","isManualTestingUpToDate":false,"manual":false,"testSource":"Cucumber","actors":[{"name":"ferna","can":["browse the web"]}],"result":"FAILURE"}